<?xml version="1.0" encoding="UTF-8"?>
<!-- Generated by org.testng.reporters.JUnitReportReporter -->
<testsuite hostname="Ganesh" failures="0" tests="1" name="com.restapi.servicenow.CreateIncident" time="2.571" errors="0" timestamp="2022-08-29T16:04:35 EDT" skipped="0">
  <testcase classname="com.restapi.servicenow.CreateIncident" name="createincident" time="2.571"/>
  <system-out/>
</testsuite> <!-- com.restapi.servicenow.CreateIncident -->
