<?xml version="1.0" encoding="UTF-8"?>
<!-- Generated by org.testng.reporters.JUnitReportReporter -->
<testsuite hostname="Ganesh" failures="0" tests="1" name="PostRequestWithXML$PostResuestforIncident" time="4.218" errors="0" timestamp="2022-08-28T06:06:36 EDT" skipped="0">
  <testcase classname="PostRequestWithXML$PostResuestforIncident" name="createincident" time="4.218"/>
  <system-out/>
</testsuite> <!-- PostRequestWithXML$PostResuestforIncident -->
