<?xml version="1.0" encoding="UTF-8"?>
<!-- Generated by org.testng.reporters.JUnitReportReporter -->
<testsuite hostname="Ganesh" failures="0" tests="1" name="com.restapi.jira.DeleteIncident" time="0.904" errors="0" timestamp="2022-08-29T22:54:33 EDT" skipped="0">
  <testcase classname="com.restapi.jira.DeleteIncident" name="deleteIncident" time="0.904"/>
  <system-out/>
</testsuite> <!-- com.restapi.jira.DeleteIncident -->
