<?xml version="1.0" encoding="UTF-8"?>
<!-- Generated by org.testng.reporters.JUnitReportReporter -->
<testsuite hostname="Ganesh" failures="0" tests="1" name="UpdateIncident" time="3.392" errors="0" timestamp="2022-08-28T07:00:31 EDT" skipped="0">
  <testcase classname="UpdateIncident" name="updateRequest" time="3.392"/>
  <system-out/>
</testsuite> <!-- UpdateIncident -->
