<?xml version="1.0" encoding="UTF-8"?>
<!-- Generated by org.testng.reporters.JUnitReportReporter -->
<testsuite hostname="Ganesh" failures="0" tests="1" name="com.restapi.jira.GetIncidents" time="0.747" errors="0" timestamp="2022-08-29T22:54:33 EDT" skipped="0">
  <testcase classname="com.restapi.jira.GetIncidents" name="getIncident" time="0.747"/>
  <system-out/>
</testsuite> <!-- com.restapi.jira.GetIncidents -->
