<?xml version="1.0" encoding="UTF-8"?>
<!-- Generated by org.testng.reporters.JUnitReportReporter -->
<testsuite hostname="Ganesh" failures="0" tests="1" name="PostResuestforIncident" time="3.608" errors="0" timestamp="2022-08-28T05:33:17 EDT" skipped="0">
  <testcase classname="PostResuestforIncident" name="createincident" time="3.608"/>
  <system-out/>
</testsuite> <!-- PostResuestforIncident -->
