<?xml version="1.0" encoding="UTF-8"?>
<!-- Generated by org.testng.reporters.JUnitReportReporter -->
<testsuite hostname="Ganesh" failures="0" tests="1" name="com.restapi.jira.CreateIssue" time="2.900" errors="0" timestamp="2022-09-01T10:28:53 EDT" skipped="0">
  <testcase classname="com.restapi.jira.CreateIssue" name="createJiraIssue" time="2.900"/>
  <system-out/>
</testsuite> <!-- com.restapi.jira.CreateIssue -->
