<?xml version="1.0" encoding="UTF-8"?>
<!-- Generated by org.testng.reporters.JUnitReportReporter -->
<testsuite hostname="Ganesh" failures="0" tests="1" name="CreateIncident" time="4.145" errors="0" timestamp="2022-08-28T07:38:37 EDT" skipped="0">
  <testcase classname="CreateIncident" name="createincident" time="4.145"/>
  <system-out/>
</testsuite> <!-- CreateIncident -->
