<?xml version="1.0" encoding="UTF-8"?>
<!-- Generated by org.testng.reporters.JUnitReportReporter -->
<testsuite hostname="Ganesh" failures="0" tests="1" name="DeleteIncident" time="3.161" errors="0" timestamp="2022-08-28T07:35:51 EDT" skipped="0">
  <testcase classname="DeleteIncident" name="deleteIncident" time="3.161"/>
  <system-out/>
</testsuite> <!-- DeleteIncident -->
