<?xml version="1.0" encoding="UTF-8"?>
<!-- Generated by org.testng.reporters.JUnitReportReporter -->
<testsuite hostname="Ganesh" failures="0" tests="1" name="GetIncidents" time="4.268" errors="0" timestamp="2022-08-29T21:47:57 EDT" skipped="0">
  <testcase classname="GetIncidents" name="getAllIncidents" time="4.268"/>
  <system-out/>
</testsuite> <!-- GetIncidents -->
