<?xml version="1.0" encoding="UTF-8"?>
<!-- Generated by org.testng.reporters.JUnitReportReporter -->
<testsuite hostname="Ganesh" failures="0" tests="1" name="FirstRestAssured" time="3.442" errors="0" timestamp="2022-08-28T07:10:30 EDT" skipped="0">
  <testcase classname="FirstRestAssured" name="sendGetRequest" time="3.442"/>
  <system-out/>
</testsuite> <!-- FirstRestAssured -->
