<?xml version="1.0" encoding="UTF-8"?>
<!-- Generated by org.testng.reporters.JUnitReportReporter -->
<testsuite hostname="Ganesh" failures="0" tests="5" name="com.restapi.servicenow.CreateIncidentWithPojo" time="5.063" errors="0" timestamp="2022-09-01T10:31:45 EDT" skipped="0">
  <testcase classname="com.restapi.servicenow.CreateIncidentWithPojo" name="createincident" time="3.053"/>
  <system-out/>
  <testcase classname="com.restapi.servicenow.CreateIncidentWithPojo" name="updateIncident" time="0.671"/>
  <system-out/>
  <testcase classname="com.restapi.servicenow.CreateIncidentWithPojo" name="getIncident" time="0.436"/>
  <system-out/>
  <testcase classname="com.restapi.servicenow.CreateIncidentWithPojo" name="deleteIncident" time="0.467"/>
  <system-out/>
  <testcase classname="com.restapi.servicenow.CreateIncidentWithPojo" name="validateDeletedIncident" time="0.436"/>
  <system-out/>
</testsuite> <!-- com.restapi.servicenow.CreateIncidentWithPojo -->
