<?xml version="1.0" encoding="UTF-8"?>
<!-- Generated by org.testng.reporters.JUnitReportReporter -->
<testsuite hostname="Ganesh" failures="0" tests="1" name="PostResuestforIncidentwithJSONfile" time="3.683" errors="0" timestamp="2022-08-27T14:24:38 EDT" skipped="0">
  <testcase classname="PostResuestforIncidentwithJSONfile" name="createincident" time="3.683"/>
  <system-out/>
</testsuite> <!-- PostResuestforIncidentwithJSONfile -->
